npm ERR! code ENOENT
npm ERR! syscall open
npm ERR! path /home/usama/learn/webrtc-from-scrach/package.json
npm ERR! errno -2
npm ERR! enoent Could not read package.json: Error: ENOENT: no such file or directory, open '/home/usama/learn/webrtc-from-scrach/package.json'
npm ERR! enoent This is related to npm not being able to find a file.
npm ERR! enoent 

npm ERR! A complete log of this run can be found in: /home/usama/.npm/_logs/2024-07-18T06_08_10_338Z-debug-0.log

> webrtc_browser_app@1.0.0 start
> node ./serv.js

Server is running on http://localhost:3000
npm ERR! code ENOENT
npm ERR! syscall open
npm ERR! path /home/usama/learn/webrtc-from-scrach/package.json
npm ERR! errno -2
npm ERR! enoent Could not read package.json: Error: ENOENT: no such file or directory, open '/home/usama/learn/webrtc-from-scrach/package.json'
npm ERR! enoent This is related to npm not being able to find a file.
npm ERR! enoent 

npm ERR! A complete log of this run can be found in: /home/usama/.npm/_logs/2024-07-18T06_11_20_754Z-debug-0.log
npm ERR! code ENOENT
npm ERR! syscall open
npm ERR! path /home/usama/learn/webrtc-from-scrach/package.json
npm ERR! errno -2
npm ERR! enoent Could not read package.json: Error: ENOENT: no such file or directory, open '/home/usama/learn/webrtc-from-scrach/package.json'
npm ERR! enoent This is related to npm not being able to find a file.
npm ERR! enoent 

npm ERR! A complete log of this run can be found in: /home/usama/.npm/_logs/2024-07-18T06_12_30_741Z-debug-0.log
npm ERR! code ENOENT
npm ERR! syscall open
npm ERR! path /home/usama/learn/webrtc-from-scrach/package.json
npm ERR! errno -2
npm ERR! enoent Could not read package.json: Error: ENOENT: no such file or directory, open '/home/usama/learn/webrtc-from-scrach/package.json'
npm ERR! enoent This is related to npm not being able to find a file.
npm ERR! enoent 

npm ERR! A complete log of this run can be found in: /home/usama/.npm/_logs/2024-07-18T06_16_27_402Z-debug-0.log

> webrtc_browser_app@1.0.0 start
> node ./serv.js

node:events:492
      throw er; // Unhandled 'error' event
      ^

Error: listen EADDRINUSE: address already in use :::3000
    at Server.setupListenHandle [as _listen2] (node:net:1872:16)
    at listenInCluster (node:net:1920:12)
    at Server.listen (node:net:2008:7)
    at Function.listen (/home/usama/learn/webrtc-from-scrach/WebRTC_Browser_APP/node_modules/express/lib/application.js:635:24)
    at Object.<anonymous> (/home/usama/learn/webrtc-from-scrach/WebRTC_Browser_APP/serv.js:11:5)
    at Module._compile (node:internal/modules/cjs/loader:1241:14)
    at Module._extensions..js (node:internal/modules/cjs/loader:1295:10)
    at Module.load (node:internal/modules/cjs/loader:1091:32)
    at Module._load (node:internal/modules/cjs/loader:938:12)
    at Function.executeUserEntryPoint [as runMain] (node:internal/modules/run_main:83:12)
Emitted 'error' event on Server instance at:
    at emitErrorNT (node:net:1899:8)
    at process.processTicksAndRejections (node:internal/process/task_queues:82:21) {
  code: 'EADDRINUSE',
  errno: -98,
  syscall: 'listen',
  address: '::',
  port: 3000
}

Node.js v20.9.0

> webrtc_browser_app@1.0.0 start
> node ./serv.js

Server is running on http://localhost:3000

> webrtc_browser_app@1.0.0 start
> node ./serv.js

node:events:492
      throw er; // Unhandled 'error' event
      ^

Error: listen EADDRINUSE: address already in use :::3000
    at Server.setupListenHandle [as _listen2] (node:net:1872:16)
    at listenInCluster (node:net:1920:12)
    at Server.listen (node:net:2008:7)
    at Function.listen (/home/usama/learn/webrtc-from-scrach/WebRTC_Browser_APP/node_modules/express/lib/application.js:635:24)
    at Object.<anonymous> (/home/usama/learn/webrtc-from-scrach/WebRTC_Browser_APP/serv.js:11:5)
    at Module._compile (node:internal/modules/cjs/loader:1241:14)
    at Module._extensions..js (node:internal/modules/cjs/loader:1295:10)
    at Module.load (node:internal/modules/cjs/loader:1091:32)
    at Module._load (node:internal/modules/cjs/loader:938:12)
    at Function.executeUserEntryPoint [as runMain] (node:internal/modules/run_main:83:12)
Emitted 'error' event on Server instance at:
    at emitErrorNT (node:net:1899:8)
    at process.processTicksAndRejections (node:internal/process/task_queues:82:21) {
  code: 'EADDRINUSE',
  errno: -98,
  syscall: 'listen',
  address: '::',
  port: 3000
}

Node.js v20.9.0

> webrtc_browser_app@1.0.0 start
> node ./serv.js

Server is running on http://localhost:3000

> webrtc_browser_app@1.0.0 start
> node ./serv.js

Server is running on http://localhost:3000

> webrtc_browser_app@1.0.0 start
> node ./serv.js

Server is running on http://localhost:3000

> webrtc_browser_app@1.0.0 start
> node ./serv.js

Server is running on http://localhost:3000

> webrtc_browser_app@1.0.0 start
> node ./serv.js

Server is running on http://localhost:3000

> webrtc_browser_app@1.0.0 start
> node ./serv.js

Server is running on http://localhost:3000

> webrtc_browser_app@1.0.0 start
> node ./serv.js

Server is running on http://localhost:3000

> webrtc_browser_app@1.0.0 start
> node ./serv.js

Server is running on http://localhost:3000

> webrtc_browser_app@1.0.0 start
> node ./serv.js

Server is running on http://localhost:3000

> webrtc_browser_app@1.0.0 start
> node ./serv.js

Server is running on http://localhost:3000
